<?xml version="1.0" encoding="UTF-8"?>
<testng-results skipped="2" failed="0" ignored="0" total="4" passed="2">
  <reporter-output>
  </reporter-output>
  <suite name="Suite" duration-ms="68158" started-at="2021-02-15T22:47:43 EST" finished-at="2021-02-15T22:48:51 EST">
    <groups>
    </groups>
    <test name="Dollar Days Test" duration-ms="68158" started-at="2021-02-15T22:47:43 EST" finished-at="2021-02-15T22:48:51 EST">
      <class name="com.dollardays.testcases.TaxExemptTestcase">
        <test-method status="PASS" signature="beforeClass()[pri:0, instance:com.dollardays.testcases.TaxExemptTestcase@ba8d91c]" name="beforeClass" is-config="true" duration-ms="26" started-at="2021-02-15T22:47:43 EST" finished-at="2021-02-15T22:47:43 EST">
          <reporter-output>
          </reporter-output>
        </test-method> <!-- beforeClass -->
        <test-method status="SKIP" signature="ValidateTaxExemptRequiredFields(java.util.Hashtable)[pri:0, instance:com.dollardays.testcases.TaxExemptTestcase@ba8d91c]" name="ValidateTaxExemptRequiredFields" duration-ms="0" started-at="2021-02-15T22:47:44 EST" data-provider="dd-dataprovider" finished-at="2021-02-15T22:47:44 EST">
          <exception class="java.lang.RuntimeException">
            <message>
              <![CDATA[org.testng.SkipException: Test not found]]>
            </message>
            <full-stacktrace>
              <![CDATA[java.lang.RuntimeException: org.testng.SkipException: Test not found
at org.testng.internal.MethodInvocationHelper.invokeMethodNoCheckedException(MethodInvocationHelper.java:49)
at org.testng.internal.MethodInvocationHelper.invokeDataProvider(MethodInvocationHelper.java:145)
at org.testng.internal.Parameters.handleParameters(Parameters.java:797)
at org.testng.internal.Parameters.handleParameters(Parameters.java:740)
at org.testng.internal.ParameterHandler.handleParameters(ParameterHandler.java:59)
at org.testng.internal.ParameterHandler.createParameters(ParameterHandler.java:38)
at org.testng.internal.TestInvoker$MethodInvocationAgent.invoke(TestInvoker.java:789)
at org.testng.internal.TestInvoker.invokeTestMethods(TestInvoker.java:147)
at org.testng.internal.TestMethodWorker.invokeTestMethods(TestMethodWorker.java:146)
at org.testng.internal.TestMethodWorker.run(TestMethodWorker.java:128)
at java.util.ArrayList.forEach(ArrayList.java:1259)
at org.testng.TestRunner.privateRun(TestRunner.java:764)
at org.testng.TestRunner.run(TestRunner.java:585)
at org.testng.SuiteRunner.runTest(SuiteRunner.java:384)
at org.testng.SuiteRunner.runSequentially(SuiteRunner.java:378)
at org.testng.SuiteRunner.privateRun(SuiteRunner.java:337)
at org.testng.SuiteRunner.run(SuiteRunner.java:286)
at org.testng.SuiteRunnerWorker.runSuite(SuiteRunnerWorker.java:53)
at org.testng.SuiteRunnerWorker.run(SuiteRunnerWorker.java:96)
at org.testng.TestNG.runSuitesSequentially(TestNG.java:1218)
at org.testng.TestNG.runSuitesLocally(TestNG.java:1140)
at org.testng.TestNG.runSuites(TestNG.java:1069)
at org.testng.TestNG.run(TestNG.java:1037)
at org.testng.remote.AbstractRemoteTestNG.run(AbstractRemoteTestNG.java:115)
at org.testng.remote.RemoteTestNG.initAndRun(RemoteTestNG.java:251)
at org.testng.remote.RemoteTestNG.main(RemoteTestNG.java:77)
Caused by: org.testng.SkipException: Test not found
at com.dollardays.utilities.TestUtil.checkRunMode(TestUtil.java:53)
at com.dollardays.utilities.TestUtil.getData(TestUtil.java:70)
at com.dollardays.utilities.TestUtil.getTestData(TestUtil.java:23)
at sun.reflect.NativeMethodAccessorImpl.invoke0(Native Method)
at sun.reflect.NativeMethodAccessorImpl.invoke(NativeMethodAccessorImpl.java:62)
at sun.reflect.DelegatingMethodAccessorImpl.invoke(DelegatingMethodAccessorImpl.java:43)
at java.lang.reflect.Method.invoke(Method.java:498)
at org.testng.internal.MethodInvocationHelper.invokeMethod(MethodInvocationHelper.java:132)
at org.testng.internal.MethodInvocationHelper.invokeMethod(MethodInvocationHelper.java:76)
at org.testng.internal.MethodInvocationHelper.invokeMethodNoCheckedException(MethodInvocationHelper.java:45)
... 25 more
]]>
            </full-stacktrace>
          </exception> <!-- java.lang.RuntimeException -->
          <reporter-output>
          </reporter-output>
        </test-method> <!-- ValidateTaxExemptRequiredFields -->
        <test-method status="PASS" signature="setUpBrowser()[pri:0, instance:com.dollardays.testcases.TaxExemptTestcase@ba8d91c]" name="setUpBrowser" is-config="true" duration-ms="19442" started-at="2021-02-15T22:47:44 EST" finished-at="2021-02-15T22:48:03 EST">
          <reporter-output>
          </reporter-output>
        </test-method> <!-- setUpBrowser -->
        <test-method status="PASS" signature="taxExempt_ExcepState_AllFields_Empty(java.util.Hashtable)[pri:0, instance:com.dollardays.testcases.TaxExemptTestcase@ba8d91c]" name="taxExempt_ExcepState_AllFields_Empty" duration-ms="17404" started-at="2021-02-15T22:48:03 EST" data-provider="dd-dataprovider" finished-at="2021-02-15T22:48:21 EST">
          <params>
            <param index="0">
              <value>
                <![CDATA[{TaxID=, TestCase=Except State all required fields empty, ExpiryDate=, filePath=, TCID=TC3, SheetName=TaxExempt, Runmode=Yes, UserName=srikanthtesting100@gmail.com, Password=cGFzc3dvcmQxMjM=, FileType=, ExpectedResult=Tax id missing.
Expiry date is missine.
Tax document file is missing.
, DocumentName=xyz, TestScenario=Negative, State=Florida}]]>
              </value>
            </param>
          </params>
          <reporter-output>
          </reporter-output>
        </test-method> <!-- taxExempt_ExcepState_AllFields_Empty -->
        <test-method status="PASS" signature="quit()[pri:0, instance:com.dollardays.testcases.TaxExemptTestcase@ba8d91c]" name="quit" is-config="true" duration-ms="5001" started-at="2021-02-15T22:48:21 EST" finished-at="2021-02-15T22:48:26 EST">
          <reporter-output>
          </reporter-output>
        </test-method> <!-- quit -->
        <test-method status="PASS" signature="setUpBrowser()[pri:0, instance:com.dollardays.testcases.TaxExemptTestcase@ba8d91c]" name="setUpBrowser" is-config="true" duration-ms="6528" started-at="2021-02-15T22:48:26 EST" finished-at="2021-02-15T22:48:32 EST">
          <reporter-output>
          </reporter-output>
        </test-method> <!-- setUpBrowser -->
        <test-method status="PASS" signature="taxExempt_ExcepTaxID_AllFields_Empty(java.util.Hashtable)[pri:0, instance:com.dollardays.testcases.TaxExemptTestcase@ba8d91c]" name="taxExempt_ExcepTaxID_AllFields_Empty" duration-ms="17396" started-at="2021-02-15T22:48:32 EST" data-provider="dd-dataprovider" finished-at="2021-02-15T22:48:50 EST">
          <params>
            <param index="0">
              <value>
                <![CDATA[{TaxID=0.0, TestCase=Except TaxID all required fields empty, ExpiryDate=, filePath=, TCID=TC2, SheetName=TaxExempt, Runmode=Yes, UserName=srikanthtesting100@gmail.com, Password=cGFzc3dvcmQxMjM=, FileType=, ExpectedResult=State is missing.
Expiry date is missine.
Tax document file is missing., DocumentName=xyz, TestScenario=Negative, State=}]]>
              </value>
            </param>
          </params>
          <reporter-output>
          </reporter-output>
        </test-method> <!-- taxExempt_ExcepTaxID_AllFields_Empty -->
        <test-method status="PASS" signature="quit()[pri:0, instance:com.dollardays.testcases.TaxExemptTestcase@ba8d91c]" name="quit" is-config="true" duration-ms="1003" started-at="2021-02-15T22:48:50 EST" finished-at="2021-02-15T22:48:51 EST">
          <reporter-output>
          </reporter-output>
        </test-method> <!-- quit -->
        <test-method status="SKIP" signature="taxExempt_ValidateTaxExemptRequiredFields(java.util.Hashtable)[pri:0, instance:com.dollardays.testcases.TaxExemptTestcase@ba8d91c]" name="taxExempt_ValidateTaxExemptRequiredFields" duration-ms="0" started-at="2021-02-15T22:48:51 EST" data-provider="dd-dataprovider" finished-at="2021-02-15T22:48:51 EST">
          <exception class="java.lang.RuntimeException">
            <message>
              <![CDATA[org.testng.SkipException: Test not found]]>
            </message>
            <full-stacktrace>
              <![CDATA[java.lang.RuntimeException: org.testng.SkipException: Test not found
at org.testng.internal.MethodInvocationHelper.invokeMethodNoCheckedException(MethodInvocationHelper.java:49)
at org.testng.internal.MethodInvocationHelper.invokeDataProvider(MethodInvocationHelper.java:145)
at org.testng.internal.Parameters.handleParameters(Parameters.java:797)
at org.testng.internal.Parameters.handleParameters(Parameters.java:740)
at org.testng.internal.ParameterHandler.handleParameters(ParameterHandler.java:59)
at org.testng.internal.ParameterHandler.createParameters(ParameterHandler.java:38)
at org.testng.internal.TestInvoker$MethodInvocationAgent.invoke(TestInvoker.java:789)
at org.testng.internal.TestInvoker.invokeTestMethods(TestInvoker.java:147)
at org.testng.internal.TestMethodWorker.invokeTestMethods(TestMethodWorker.java:146)
at org.testng.internal.TestMethodWorker.run(TestMethodWorker.java:128)
at java.util.ArrayList.forEach(ArrayList.java:1259)
at org.testng.TestRunner.privateRun(TestRunner.java:764)
at org.testng.TestRunner.run(TestRunner.java:585)
at org.testng.SuiteRunner.runTest(SuiteRunner.java:384)
at org.testng.SuiteRunner.runSequentially(SuiteRunner.java:378)
at org.testng.SuiteRunner.privateRun(SuiteRunner.java:337)
at org.testng.SuiteRunner.run(SuiteRunner.java:286)
at org.testng.SuiteRunnerWorker.runSuite(SuiteRunnerWorker.java:53)
at org.testng.SuiteRunnerWorker.run(SuiteRunnerWorker.java:96)
at org.testng.TestNG.runSuitesSequentially(TestNG.java:1218)
at org.testng.TestNG.runSuitesLocally(TestNG.java:1140)
at org.testng.TestNG.runSuites(TestNG.java:1069)
at org.testng.TestNG.run(TestNG.java:1037)
at org.testng.remote.AbstractRemoteTestNG.run(AbstractRemoteTestNG.java:115)
at org.testng.remote.RemoteTestNG.initAndRun(RemoteTestNG.java:251)
at org.testng.remote.RemoteTestNG.main(RemoteTestNG.java:77)
Caused by: org.testng.SkipException: Test not found
at com.dollardays.utilities.TestUtil.checkRunMode(TestUtil.java:53)
at com.dollardays.utilities.TestUtil.getData(TestUtil.java:70)
at com.dollardays.utilities.TestUtil.getTestData(TestUtil.java:23)
at sun.reflect.NativeMethodAccessorImpl.invoke0(Native Method)
at sun.reflect.NativeMethodAccessorImpl.invoke(NativeMethodAccessorImpl.java:62)
at sun.reflect.DelegatingMethodAccessorImpl.invoke(DelegatingMethodAccessorImpl.java:43)
at java.lang.reflect.Method.invoke(Method.java:498)
at org.testng.internal.MethodInvocationHelper.invokeMethod(MethodInvocationHelper.java:132)
at org.testng.internal.MethodInvocationHelper.invokeMethod(MethodInvocationHelper.java:76)
at org.testng.internal.MethodInvocationHelper.invokeMethodNoCheckedException(MethodInvocationHelper.java:45)
... 25 more
]]>
            </full-stacktrace>
          </exception> <!-- java.lang.RuntimeException -->
          <reporter-output>
          </reporter-output>
        </test-method> <!-- taxExempt_ValidateTaxExemptRequiredFields -->
        <test-method status="PASS" signature="afterClass()[pri:0, instance:com.dollardays.testcases.TaxExemptTestcase@ba8d91c]" name="afterClass" is-config="true" duration-ms="1" started-at="2021-02-15T22:48:51 EST" finished-at="2021-02-15T22:48:51 EST">
          <reporter-output>
          </reporter-output>
        </test-method> <!-- afterClass -->
      </class> <!-- com.dollardays.testcases.TaxExemptTestcase -->
    </test> <!-- Dollar Days Test -->
  </suite> <!-- Suite -->
</testng-results>
