<html>
<head>
<title>TestNG:  Dollar Days_Integration_Test</title>
<link href="../testng.css" rel="stylesheet" type="text/css" />
<link href="../my-testng.css" rel="stylesheet" type="text/css" />

<style type="text/css">
.log { display: none;} 
.stack-trace { display: none;} 
</style>
<script type="text/javascript">
<!--
function flip(e) {
  current = e.style.display;
  if (current == 'block') {
    e.style.display = 'none';
    return 0;
  }
  else {
    e.style.display = 'block';
    return 1;
  }
}

function toggleBox(szDivId, elem, msg1, msg2)
{
  var res = -1;  if (document.getElementById) {
    res = flip(document.getElementById(szDivId));
  }
  else if (document.all) {
    // this is the way old msie versions work
    res = flip(document.all[szDivId]);
  }
  if(elem) {
    if(res == 0) elem.innerHTML = msg1; else elem.innerHTML = msg2;
  }

}

function toggleAllBoxes() {
  if (document.getElementsByTagName) {
    d = document.getElementsByTagName('div');
    for (i = 0; i < d.length; i++) {
      if (d[i].className == 'log') {
        flip(d[i]);
      }
    }
  }
}

// -->
</script>

</head>
<body>
<h2 align='center'>Dollar Days_Integration_Test</h2><table border='1' align="center">
<tr>
<td>Tests passed/Failed/Skipped:</td><td>25/0/5</td>
</tr><tr>
<td>Started on:</td><td>Mon Feb 15 08:20:10 EST 2021</td>
</tr>
<tr><td>Total time:</td><td>649 seconds (649154 ms)</td>
</tr><tr>
<td>Included groups:</td><td></td>
</tr><tr>
<td>Excluded groups:</td><td></td>
</tr>
</table><p/>
<small><i>(Hover the method name to see the test class name)</i></small><p/>
<table width='100%' border='1' class='invocation-passed'>
<tr><td colspan='4' align='center'><b>PASSED TESTS</b></td></tr>
<tr><td><b>Test method</b></td>
<td width="30%"><b>Exception</b></td>
<td width="10%"><b>Time (seconds)</b></td>
<td><b>Instance</b></td>
</tr>
<tr>
<td title='com.dollardays.testcases.SubmitRequestTestcase.SubmitRequest_VerifyCaptcha()'><b>SubmitRequest_VerifyCaptcha</b><br>Test class: com.dollardays.testcases.SubmitRequestTestcase<br>Parameters: {Message=, Password=cGFzc3dvcmQxMjM=, PageURL=, CaptchaValidationMsg=Captcha validation is required., HeaderTitle=, OrderNo=, PageDescription=, UserName=srikanthtesting100@gmail.com, Runmode=Yes, ClearEmailField=, Phone=, RequestType=, TestCase=Not checked Captcha and click on Submit button, TestCaseType=Negative, Email=, TestScenario=NonCaptcha, TCID=TC1, SheetName=SubmitRequest}</td>
<td></td>
<td>13</td>
<td>com.dollardays.testcases.SubmitRequestTestcase@3f200884</td></tr>
<tr>
<td title='com.dollardays.testcases.SubmitRequestTestcase.SubmitRequest_VerifyDefaultEmail_Value()'><b>SubmitRequest_VerifyDefaultEmail_Value</b><br>Test class: com.dollardays.testcases.SubmitRequestTestcase<br>Parameters: {Message=, Password=cGFzc3dvcmQxMjM=, PageURL=, CaptchaValidationMsg=, HeaderTitle=, OrderNo=, PageDescription=, UserName=srikanthtesting100@gmail.com, Runmode=Yes, ClearEmailField=, Phone=, RequestType=, TestCase=user name should display in email field as page loads, TestCaseType=Positive, Email=srikanthtesting100@gmail.com, TestScenario=NonCaptcha, TCID=TC2, SheetName=SubmitRequest}</td>
<td></td>
<td>13</td>
<td>com.dollardays.testcases.SubmitRequestTestcase@3f200884</td></tr>
<tr>
<td title='com.dollardays.testcases.SubmitRequestTestcase.SubmitRequest_VerifyPageHeaderMsg()'><b>SubmitRequest_VerifyPageHeaderMsg</b><br>Test class: com.dollardays.testcases.SubmitRequestTestcase<br>Parameters: {Message=, Password=cGFzc3dvcmQxMjM=, PageURL=, CaptchaValidationMsg=, HeaderTitle=, OrderNo=, PageDescription=We’re here to help you! Please provide us with as much information as possible in the fields below. The more detailed your request, the faster our Customer Care Team will be able to assist you., UserName=srikanthtesting100@gmail.com, Runmode=Yes, ClearEmailField=, Phone=, RequestType=, TestCase=Verify page header message - 'We’re here to help you!...' Should display , TestCaseType=Positive, Email=, TestScenario=NonCaptcha, TCID=TC3, SheetName=SubmitRequest}</td>
<td></td>
<td>13</td>
<td>com.dollardays.testcases.SubmitRequestTestcase@3f200884</td></tr>
<tr>
<td title='com.dollardays.testcases.SubmitRequestTestcase.SubmitRequest_VerifyPageHeaderTitle()'><b>SubmitRequest_VerifyPageHeaderTitle</b><br>Test class: com.dollardays.testcases.SubmitRequestTestcase<br>Parameters: {Message=, Password=cGFzc3dvcmQxMjM=, PageURL=, CaptchaValidationMsg=, HeaderTitle=Submit A Request, OrderNo=, PageDescription=, UserName=srikanthtesting100@gmail.com, Runmode=Yes, ClearEmailField=, Phone=, RequestType=, TestCase=Verify Page header title - 'Submit a Request' should display, TestCaseType=Positive, Email=, TestScenario=NonCaptcha, TCID=TC4, SheetName=SubmitRequest}</td>
<td></td>
<td>14</td>
<td>com.dollardays.testcases.SubmitRequestTestcase@3f200884</td></tr>
<tr>
<td title='com.dollardays.testcases.SubmitRequestTestcase.SubmitRequest_VerifyPageloading()'><b>SubmitRequest_VerifyPageloading</b><br>Test class: com.dollardays.testcases.SubmitRequestTestcase<br>Parameters: {Message=, Password=cGFzc3dvcmQxMjM=, PageURL=https://www.dollardays.com/case.aspx, CaptchaValidationMsg=, HeaderTitle=, OrderNo=, PageDescription=, UserName=srikanthtesting100@gmail.com, Runmode=Yes, ClearEmailField=, Phone=, RequestType=, TestCase=Validate - Submit a Request web page is loading, TestCaseType=Positive, Email=, TestScenario=NonCaptcha, TCID=TC5, SheetName=SubmitRequest}</td>
<td></td>
<td>13</td>
<td>com.dollardays.testcases.SubmitRequestTestcase@3f200884</td></tr>
<tr>
<td title='com.dollardays.testcases.LoginTestcase.invokeLogin()'><b>invokeLogin</b><br>Test class: com.dollardays.testcases.LoginTestcase<br>Parameters: {TestCase=Valid Login Credentials, Password=cGFzc3dvcmQxMjM=, Runmode=Yes, SheetName=Login, UserName=srikanthtesting100@gmail.com, TCID=TC1}</td>
<td></td>
<td>7</td>
<td>com.dollardays.testcases.LoginTestcase@f0f2775</td></tr>
<tr>
<td title='com.dollardays.testcases.LogoutTestcase.logout_AccountPage()'><b>logout_AccountPage</b><br>Test class: com.dollardays.testcases.LogoutTestcase<br>Parameters: {ExptectedResult=Logged out from Account web page., TestCase=Logout from User Account Page, Password=cGFzc3dvcmQxMjM=, Runmode=Yes, SheetName=Logout, UserName=srikanthtesting100@gmail.com, TCID=TC2}</td>
<td></td>
<td>12</td>
<td>com.dollardays.testcases.LogoutTestcase@4d339552</td></tr>
<tr>
<td title='com.dollardays.testcases.LogoutTestcase.logout_HomePage()'><b>logout_HomePage</b><br>Test class: com.dollardays.testcases.LogoutTestcase<br>Parameters: {ExptectedResult=Logged out from user toggle button., TestCase=Logout from user toggle button, Password=cGFzc3dvcmQxMjM=, Runmode=yes, SheetName=Logout, UserName=srikanthtesting100@gmail.com, TCID=TC1}</td>
<td></td>
<td>9</td>
<td>com.dollardays.testcases.LogoutTestcase@4d339552</td></tr>
<tr>
<td title='com.dollardays.testcases.MenuTestcase.menu_AddItemToCart_withoutLogin()'><b>menu_AddItemToCart_withoutLogin</b><br>Test class: com.dollardays.testcases.MenuTestcase<br>Parameters: {TestCase=Add an item to cart without login, Item flow=Pet Supplies->Shop All, ProductName=Pet Pedicure Tool, TCID=TC8, SheetName=Menu, Runmode=yes, NoOfItemPerPage=, SortItem=, UserName=srikanthtesting100@gmail.com, Password=cGFzc3dvcmQxMjM=, ExpectedResult=navigated to Login page when click on 'Login to Buy' button below item name in item list page, TargetURL=https://www.dollardays.com/wholesale-pets.html}</td>
<td></td>
<td>9</td>
<td>com.dollardays.testcases.MenuTestcase@5a4aa2f2</td></tr>
<tr>
<td title='com.dollardays.testcases.MenuTestcase.menu_AddItemtoCart()'><b>menu_AddItemtoCart</b><br>Test class: com.dollardays.testcases.MenuTestcase<br>Parameters: {TestCase=Add an item from categories to the cart through Menu, Item flow=For Educators->Backpacks-link on web page, ProductName= 15" Forward Classic School Backpack with Side Mesh Pocket - 8 Colors, TCID=TC4, SheetName=Menu, Runmode=yes, NoOfItemPerPage=, SortItem=, UserName=srikanthtesting100@gmail.com, Password=cGFzc3dvcmQxMjM=, ExpectedResult=Product is added to cart, TargetURL=https://www.dollardays.com/wholesale-backpacks.html}</td>
<td></td>
<td>16</td>
<td>com.dollardays.testcases.MenuTestcase@5a4aa2f2</td></tr>
<tr>
<td title='com.dollardays.testcases.MenuTestcase.menu_ValidateSorting()'><b>menu_ValidateSorting</b><br>Test class: com.dollardays.testcases.MenuTestcase<br>Parameters: {TestCase=Validate Sorting - Sort by 'Alphabetically by Name', Item flow=Food->Coffee, Tea & Cocoa->Cocoa, ProductName=, TCID=TC5, SheetName=Menu, Runmode=yes, NoOfItemPerPage=, SortItem=Alphabetically by Name, UserName=srikanthtesting100@gmail.com, Password=cGFzc3dvcmQxMjM=, ExpectedResult=Items are sorted in Alphabetically order by name, TargetURL=https://www.dollardays.com/wholesale-hot-cocoa.html}</td>
<td></td>
<td>18</td>
<td>com.dollardays.testcases.MenuTestcase@5a4aa2f2</td></tr>
<tr>
<td title='com.dollardays.testcases.MenuTestcase.menu_VerifyMenuItems()'><b>menu_VerifyMenuItems</b><br>Test class: com.dollardays.testcases.MenuTestcase<br>Parameters: {TestCase=Validate Menu Items - Main Categories, Item flow=, ProductName=, TCID=TC1, SheetName=Menu, Runmode=yes, NoOfItemPerPage=, SortItem=, UserName=srikanthtesting100@gmail.com, Password=cGFzc3dvcmQxMjM=, ExpectedResult=Total 4 Categories-Now Trending,Categories,Programs,Help & Settings, TargetURL=}</td>
<td></td>
<td>8</td>
<td>com.dollardays.testcases.MenuTestcase@5a4aa2f2</td></tr>
<tr>
<td title='com.dollardays.testcases.MenuTestcase.menu_VerifyShopAllBtn()'><b>menu_VerifyShopAllBtn</b><br>Test class: com.dollardays.testcases.MenuTestcase<br>Parameters: {TestCase=Search an item through ShopAll button  in Menu and add to the cart, Item flow=Pet Supplies->Dog Supplies->Shop All, ProductName= Reflective Dog Collar - 14"-22" - Assorted Colors, TCID=TC2, SheetName=Menu, Runmode=yes, NoOfItemPerPage=, SortItem=, UserName=srikanthtesting100@gmail.com, Password=cGFzc3dvcmQxMjM=, ExpectedResult=Product is added to cart by clicking 'Shop All' button in menu, TargetURL=https://www.dollardays.com/wholesale-pet-treats-and-essentials.html}</td>
<td></td>
<td>17</td>
<td>com.dollardays.testcases.MenuTestcase@5a4aa2f2</td></tr>
<tr>
<td title='com.dollardays.testcases.MenuTestcase.menu_VerifySubCategories()'><b>menu_VerifySubCategories</b><br>Test class: com.dollardays.testcases.MenuTestcase<br>Parameters: {TestCase=Add an Item from SubCategories to the cart through Menu, Item flow=Baby->Bedding & Blankets, ProductName= Baby Gingahm Blanket with Embroidery - Pink & Blue, TCID=TC3, SheetName=Menu, Runmode=yes, NoOfItemPerPage=, SortItem=, UserName=srikanthtesting100@gmail.com, Password=cGFzc3dvcmQxMjM=, ExpectedResult=Product is added to cart, TargetURL=https://www.dollardays.com/wholesale-baby-bedding.html}</td>
<td></td>
<td>16</td>
<td>com.dollardays.testcases.MenuTestcase@5a4aa2f2</td></tr>
<tr>
<td title='com.dollardays.testcases.MenuTestcase.menu_Verify_NoOfItemPerPage()'><b>menu_Verify_NoOfItemPerPage</b><br>Test class: com.dollardays.testcases.MenuTestcase<br>Parameters: {TestCase=Select total number of items which should display per page, Item flow=Bedding, Bath & Decor-> Blankets & Bedding-> Blankets & Throws, ProductName=, TCID=TC6, SheetName=Menu, Runmode=yes, NoOfItemPerPage=24,12,48, SortItem=, UserName=srikanthtesting100@gmail.com, Password=cGFzc3dvcmQxMjM=, ExpectedResult=Number of items displayed as per selected number in 'View' dropdown , TargetURL=https://www.dollardays.com/wholesale-blankets-and-throws.html}</td>
<td></td>
<td>23</td>
<td>com.dollardays.testcases.MenuTestcase@5a4aa2f2</td></tr>
<tr>
<td title='com.dollardays.testcases.MenuTestcase.menu_Verify_Paging()'><b>menu_Verify_Paging</b><br>Test class: com.dollardays.testcases.MenuTestcase<br>Parameters: {TestCase=Validate paging on item lists, Item flow=Bedding, Bath & Decor-> Blankets & Bedding-> Blankets & Throws, ProductName=, TCID=TC7, SheetName=Menu, Runmode=yes, NoOfItemPerPage=12.0, SortItem=, UserName=srikanthtesting100@gmail.com, Password=cGFzc3dvcmQxMjM=, ExpectedResult=Paging is working , TargetURL=https://www.dollardays.com/wholesale-blankets-and-throws.html}</td>
<td></td>
<td>54</td>
<td>com.dollardays.testcases.MenuTestcase@5a4aa2f2</td></tr>
<tr>
<td title='com.dollardays.testcases.SearchTestcase.searchPageWithNavigationLinks()'><b>searchPageWithNavigationLinks</b><br>Test class: com.dollardays.testcases.SearchTestcase<br>Parameters: {TestCase=SearchPageWithNavigationLinks, TCID=TC1, SheetName=Search, Runmode=Yes, UserName=srikanthtesting100@gmail.com, Password=cGFzc3dvcmQxMjM=, ExpectedResult=Item Page is displayed , SearchItem=backpack, Leftpane Category=, TargetURL=https://www.dollardays.com/sitesearch.aspx?pg=1&terms=backpack, =}</td>
<td></td>
<td>115</td>
<td>com.dollardays.testcases.SearchTestcase@6591f517</td></tr>
<tr>
<td title='com.dollardays.testcases.SearchTestcase.searchWithInvalidDta()'><b>searchWithInvalidDta</b><br>Test class: com.dollardays.testcases.SearchTestcase<br>Parameters: {TestCase=SearchWithInvalidData, TCID=TC2, SheetName=Search, Runmode=Yes, UserName=srikanthtesting100@gmail.com, Password=cGFzc3dvcmQxMjM=, ExpectedResult=No Results Found for "blurkdfhdkhsdfresadsa", SearchItem=blurkdfhdkhsdfresadsa, Leftpane Category=, TargetURL=https://www.dollardays.com/sitesearch.aspx?pg=1&terms=blurkdfhdkhsdfresadsa, =}</td>
<td></td>
<td>13</td>
<td>com.dollardays.testcases.SearchTestcase@6591f517</td></tr>
<tr>
<td title='com.dollardays.testcases.SearchTestcase.searchWithValidDta()'><b>searchWithValidDta</b><br>Test class: com.dollardays.testcases.SearchTestcase<br>Parameters: {TestCase=SearchWithValidData , TCID=TC3, SheetName=Search, Runmode=Yes, UserName=srikanthtesting100@gmail.com, Password=cGFzc3dvcmQxMjM=, ExpectedResult=Item Page is displayed , SearchItem=backpack, Leftpane Category=, TargetURL=https://www.dollardays.com/sitesearch.aspx?pg=1&terms=backpack, =}</td>
<td></td>
<td>10</td>
<td>com.dollardays.testcases.SearchTestcase@6591f517</td></tr>
<tr>
<td title='com.dollardays.testcases.SearchTestcase.verifyDefaultSearchResult()'><b>verifyDefaultSearchResult</b><br>Test class: com.dollardays.testcases.SearchTestcase<br>Parameters: {TestCase=VerifyDefaultSearchResult - Click on an item in Default 'Search Results' window,It should display related product item list page, TCID=TC4, SheetName=Search, Runmode=Yes, UserName=srikanthtesting100@gmail.com, Password=cGFzc3dvcmQxMjM=, ExpectedResult=1. On Clicking in 'Search' field, Default 'Search Result' box is displayed.
2. RightPane has 'Now Trending' product item list
3. Left pane has popular product categories list titled 'Popular categories' 
4. Clicking on a product in right pane, navigated to  product Item Page  , SearchItem=, Leftpane Category=, TargetURL=, =}</td>
<td></td>
<td>10</td>
<td>com.dollardays.testcases.SearchTestcase@6591f517</td></tr>
<tr>
<td title='com.dollardays.testcases.SearchTestcase.verifyLeftPaneItemClick()'><b>verifyLeftPaneItemClick</b><br>Test class: com.dollardays.testcases.SearchTestcase<br>Parameters: {TestCase=VerifyLeftPaneItemClick - Category name should display in 'Search' field and  related product item list page should be open., TCID=TC5, SheetName=Search, Runmode=Yes, UserName=srikanthtesting100@gmail.com, Password=cGFzc3dvcmQxMjM=, ExpectedResult=Clicked item is displayed in 'Search for item in bulk' text field and related product item list page is displayed., SearchItem=, Leftpane Category=wipes, TargetURL=https://www.dollardays.com/sitesearch.aspx?pg=1&terms=kn95, =}</td>
<td></td>
<td>10</td>
<td>com.dollardays.testcases.SearchTestcase@6591f517</td></tr>
<tr>
<td title='com.dollardays.testcases.SearchTestcase.verifyLeftPaneMouseHover()'><b>verifyLeftPaneMouseHover</b><br>Test class: com.dollardays.testcases.SearchTestcase<br>Parameters: {TestCase=VerifyLeftPaneMouseHover-  item list should be updated when Mousehover on item list in left pane, TCID=TC6, SheetName=Search, Runmode=Yes, UserName=srikanthtesting100@gmail.com, Password=cGFzc3dvcmQxMjM=, ExpectedResult=Product item list getting updated in right pane in 'Search Result' box and product title contains text of Category name, SearchItem=, Leftpane Category=yarn;kn95;N95, TargetURL=, =}</td>
<td></td>
<td>6</td>
<td>com.dollardays.testcases.SearchTestcase@6591f517</td></tr>
<tr>
<td title='com.dollardays.testcases.SearchTestcase.verifySearchField()'><b>verifySearchField</b><br>Test class: com.dollardays.testcases.SearchTestcase<br>Parameters: {TestCase=VerifySearchField-Open item detail page by passing full Product name in search field and clicking on item in 'Search Result' box., TCID=TC7, SheetName=Search, Runmode=Yes, UserName=srikanthtesting100@gmail.com, Password=cGFzc3dvcmQxMjM=, ExpectedResult=Product item is listed in 'Search Result' window and on clicking , it is navigated to 'Item detail' page, SearchItem=Folding Cell Phone Stand, Leftpane Category=, TargetURL=https://www.dollardays.com/i2182286-wholesale-folding-cell-phone-stand.html, =}</td>
<td></td>
<td>9</td>
<td>com.dollardays.testcases.SearchTestcase@6591f517</td></tr>
<tr>
<td title='com.dollardays.testcases.SearchTestcase.verifySearchbyleftPane()'><b>verifySearchbyleftPane</b><br>Test class: com.dollardays.testcases.SearchTestcase<br>Parameters: {TestCase=VerifySearchbyleftPane-Enter item in 'Search Field' then click on sub category from 'Did you Mean' left pane, TCID=TC8, SheetName=Search, Runmode=Yes, UserName=srikanthtesting100@gmail.com, Password=cGFzc3dvcmQxMjM=, ExpectedResult=Clicked item is displayed in 'Search for item in bulk' text field and related product item list page is displayed., SearchItem=phone, Leftpane Category=cell phone, TargetURL=https://www.dollardays.com/sitesearch.aspx?pg=1&terms=cell%20phone, =}</td>
<td></td>
<td>9</td>
<td>com.dollardays.testcases.SearchTestcase@6591f517</td></tr>
<tr>
<td title='com.dollardays.testcases.SearchTestcase.verifyShowMoreProductsClick()'><b>verifyShowMoreProductsClick</b><br>Test class: com.dollardays.testcases.SearchTestcase<br>Parameters: {TestCase=VerifyShowMoreProductsClick, TCID=TC9, SheetName=Search, Runmode=Yes, UserName=srikanthtesting100@gmail.com, Password=cGFzc3dvcmQxMjM=, ExpectedResult=Clicking on 'Show More Products', it is navigated to 'Item detail' page and 'Search for items in bulk' field has item name., SearchItem=notebook, Leftpane Category=, TargetURL=https://www.dollardays.com/sitesearch.aspx?pg=1&terms=notebook, =}</td>
<td></td>
<td>9</td>
<td>com.dollardays.testcases.SearchTestcase@6591f517</td></tr>
</table><p>
<table width='100%' border='1' class='invocation-skipped'>
<tr><td colspan='4' align='center'><b>SKIPPED TESTS</b></td></tr>
<tr><td><b>Test method</b></td>
<td width="30%"><b>Exception</b></td>
<td width="10%"><b>Time (seconds)</b></td>
<td><b>Instance</b></td>
</tr>
<tr>
<td title='com.dollardays.testcases.SubmitRequestTestcase.SubmitRequest_ExceptEmail_AllFields_Empty()'><b>SubmitRequest_ExceptEmail_AllFields_Empty</b><br>Test class: com.dollardays.testcases.SubmitRequestTestcase</td>
<td><div><pre>java.lang.RuntimeException: org.testng.SkipException: Test not found
	at java.util.ArrayList.forEach(ArrayList.java:1259)
	at com.dollardays.utilities.TestUtil.checkRunMode(TestUtil.java:53)
	at com.dollardays.utilities.TestUtil.getData(TestUtil.java:70)
	at com.dollardays.utilities.TestUtil.getTestData(TestUtil.java:23)
	... 25 more
... Removed 33 stack frames</pre></div><a href='#' onClick='toggleBox("stack-trace1908043086", this, "Click to show all stack frames", "Click to hide stack frames")'>Click to show all stack frames</a>
<div class='stack-trace' id='stack-trace1908043086'><pre>java.lang.RuntimeException: org.testng.SkipException: Test not found
	at org.testng.internal.MethodInvocationHelper.invokeMethodNoCheckedException(MethodInvocationHelper.java:49)
	at org.testng.internal.MethodInvocationHelper.invokeDataProvider(MethodInvocationHelper.java:145)
	at org.testng.internal.Parameters.handleParameters(Parameters.java:797)
	at org.testng.internal.Parameters.handleParameters(Parameters.java:740)
	at org.testng.internal.ParameterHandler.handleParameters(ParameterHandler.java:59)
	at org.testng.internal.ParameterHandler.createParameters(ParameterHandler.java:38)
	at org.testng.internal.TestInvoker$MethodInvocationAgent.invoke(TestInvoker.java:789)
	at org.testng.internal.TestInvoker.invokeTestMethods(TestInvoker.java:147)
	at org.testng.internal.TestMethodWorker.invokeTestMethods(TestMethodWorker.java:146)
	at org.testng.internal.TestMethodWorker.run(TestMethodWorker.java:128)
	at java.util.ArrayList.forEach(ArrayList.java:1259)
	at org.testng.TestRunner.privateRun(TestRunner.java:764)
	at org.testng.TestRunner.run(TestRunner.java:585)
	at org.testng.SuiteRunner.runTest(SuiteRunner.java:384)
	at org.testng.SuiteRunner.runSequentially(SuiteRunner.java:378)
	at org.testng.SuiteRunner.privateRun(SuiteRunner.java:337)
	at org.testng.SuiteRunner.run(SuiteRunner.java:286)
	at org.testng.SuiteRunnerWorker.runSuite(SuiteRunnerWorker.java:53)
	at org.testng.SuiteRunnerWorker.run(SuiteRunnerWorker.java:96)
	at org.testng.TestNG.runSuitesSequentially(TestNG.java:1218)
	at org.testng.TestNG.runSuitesLocally(TestNG.java:1140)
	at org.testng.TestNG.runSuites(TestNG.java:1069)
	at org.testng.TestNG.run(TestNG.java:1037)
	at org.testng.remote.AbstractRemoteTestNG.run(AbstractRemoteTestNG.java:115)
	at org.testng.remote.RemoteTestNG.initAndRun(RemoteTestNG.java:251)
	at org.testng.remote.RemoteTestNG.main(RemoteTestNG.java:77)
Caused by: org.testng.SkipException: Test not found
	at com.dollardays.utilities.TestUtil.checkRunMode(TestUtil.java:53)
	at com.dollardays.utilities.TestUtil.getData(TestUtil.java:70)
	at com.dollardays.utilities.TestUtil.getTestData(TestUtil.java:23)
	at sun.reflect.NativeMethodAccessorImpl.invoke0(Native Method)
	at sun.reflect.NativeMethodAccessorImpl.invoke(NativeMethodAccessorImpl.java:62)
	at sun.reflect.DelegatingMethodAccessorImpl.invoke(DelegatingMethodAccessorImpl.java:43)
	at java.lang.reflect.Method.invoke(Method.java:498)
	at org.testng.internal.MethodInvocationHelper.invokeMethod(MethodInvocationHelper.java:132)
	at org.testng.internal.MethodInvocationHelper.invokeMethod(MethodInvocationHelper.java:76)
	at org.testng.internal.MethodInvocationHelper.invokeMethodNoCheckedException(MethodInvocationHelper.java:45)
	... 25 more
</pre></div></td>
<td>0</td>
<td>com.dollardays.testcases.SubmitRequestTestcase@3f200884</td></tr>
<tr>
<td title='com.dollardays.testcases.SubmitRequestTestcase.SubmitRequest_ExceptMsg_AllFields_Empty()'><b>SubmitRequest_ExceptMsg_AllFields_Empty</b><br>Test class: com.dollardays.testcases.SubmitRequestTestcase</td>
<td><div><pre>java.lang.RuntimeException: org.testng.SkipException: Test not found
	at java.util.ArrayList.forEach(ArrayList.java:1259)
	at com.dollardays.utilities.TestUtil.checkRunMode(TestUtil.java:53)
	at com.dollardays.utilities.TestUtil.getData(TestUtil.java:70)
	at com.dollardays.utilities.TestUtil.getTestData(TestUtil.java:23)
	... 25 more
... Removed 33 stack frames</pre></div><a href='#' onClick='toggleBox("stack-trace1095352419", this, "Click to show all stack frames", "Click to hide stack frames")'>Click to show all stack frames</a>
<div class='stack-trace' id='stack-trace1095352419'><pre>java.lang.RuntimeException: org.testng.SkipException: Test not found
	at org.testng.internal.MethodInvocationHelper.invokeMethodNoCheckedException(MethodInvocationHelper.java:49)
	at org.testng.internal.MethodInvocationHelper.invokeDataProvider(MethodInvocationHelper.java:145)
	at org.testng.internal.Parameters.handleParameters(Parameters.java:797)
	at org.testng.internal.Parameters.handleParameters(Parameters.java:740)
	at org.testng.internal.ParameterHandler.handleParameters(ParameterHandler.java:59)
	at org.testng.internal.ParameterHandler.createParameters(ParameterHandler.java:38)
	at org.testng.internal.TestInvoker$MethodInvocationAgent.invoke(TestInvoker.java:789)
	at org.testng.internal.TestInvoker.invokeTestMethods(TestInvoker.java:147)
	at org.testng.internal.TestMethodWorker.invokeTestMethods(TestMethodWorker.java:146)
	at org.testng.internal.TestMethodWorker.run(TestMethodWorker.java:128)
	at java.util.ArrayList.forEach(ArrayList.java:1259)
	at org.testng.TestRunner.privateRun(TestRunner.java:764)
	at org.testng.TestRunner.run(TestRunner.java:585)
	at org.testng.SuiteRunner.runTest(SuiteRunner.java:384)
	at org.testng.SuiteRunner.runSequentially(SuiteRunner.java:378)
	at org.testng.SuiteRunner.privateRun(SuiteRunner.java:337)
	at org.testng.SuiteRunner.run(SuiteRunner.java:286)
	at org.testng.SuiteRunnerWorker.runSuite(SuiteRunnerWorker.java:53)
	at org.testng.SuiteRunnerWorker.run(SuiteRunnerWorker.java:96)
	at org.testng.TestNG.runSuitesSequentially(TestNG.java:1218)
	at org.testng.TestNG.runSuitesLocally(TestNG.java:1140)
	at org.testng.TestNG.runSuites(TestNG.java:1069)
	at org.testng.TestNG.run(TestNG.java:1037)
	at org.testng.remote.AbstractRemoteTestNG.run(AbstractRemoteTestNG.java:115)
	at org.testng.remote.RemoteTestNG.initAndRun(RemoteTestNG.java:251)
	at org.testng.remote.RemoteTestNG.main(RemoteTestNG.java:77)
Caused by: org.testng.SkipException: Test not found
	at com.dollardays.utilities.TestUtil.checkRunMode(TestUtil.java:53)
	at com.dollardays.utilities.TestUtil.getData(TestUtil.java:70)
	at com.dollardays.utilities.TestUtil.getTestData(TestUtil.java:23)
	at sun.reflect.NativeMethodAccessorImpl.invoke0(Native Method)
	at sun.reflect.NativeMethodAccessorImpl.invoke(NativeMethodAccessorImpl.java:62)
	at sun.reflect.DelegatingMethodAccessorImpl.invoke(DelegatingMethodAccessorImpl.java:43)
	at java.lang.reflect.Method.invoke(Method.java:498)
	at org.testng.internal.MethodInvocationHelper.invokeMethod(MethodInvocationHelper.java:132)
	at org.testng.internal.MethodInvocationHelper.invokeMethod(MethodInvocationHelper.java:76)
	at org.testng.internal.MethodInvocationHelper.invokeMethodNoCheckedException(MethodInvocationHelper.java:45)
	... 25 more
</pre></div></td>
<td>0</td>
<td>com.dollardays.testcases.SubmitRequestTestcase@3f200884</td></tr>
<tr>
<td title='com.dollardays.testcases.SubmitRequestTestcase.SubmitRequest_ExceptRequestType_AllFields_Empty()'><b>SubmitRequest_ExceptRequestType_AllFields_Empty</b><br>Test class: com.dollardays.testcases.SubmitRequestTestcase</td>
<td><div><pre>java.lang.RuntimeException: org.testng.SkipException: Test not found
	at java.util.ArrayList.forEach(ArrayList.java:1259)
	at com.dollardays.utilities.TestUtil.checkRunMode(TestUtil.java:53)
	at com.dollardays.utilities.TestUtil.getData(TestUtil.java:70)
	at com.dollardays.utilities.TestUtil.getTestData(TestUtil.java:23)
	... 25 more
... Removed 33 stack frames</pre></div><a href='#' onClick='toggleBox("stack-trace1693226694", this, "Click to show all stack frames", "Click to hide stack frames")'>Click to show all stack frames</a>
<div class='stack-trace' id='stack-trace1693226694'><pre>java.lang.RuntimeException: org.testng.SkipException: Test not found
	at org.testng.internal.MethodInvocationHelper.invokeMethodNoCheckedException(MethodInvocationHelper.java:49)
	at org.testng.internal.MethodInvocationHelper.invokeDataProvider(MethodInvocationHelper.java:145)
	at org.testng.internal.Parameters.handleParameters(Parameters.java:797)
	at org.testng.internal.Parameters.handleParameters(Parameters.java:740)
	at org.testng.internal.ParameterHandler.handleParameters(ParameterHandler.java:59)
	at org.testng.internal.ParameterHandler.createParameters(ParameterHandler.java:38)
	at org.testng.internal.TestInvoker$MethodInvocationAgent.invoke(TestInvoker.java:789)
	at org.testng.internal.TestInvoker.invokeTestMethods(TestInvoker.java:147)
	at org.testng.internal.TestMethodWorker.invokeTestMethods(TestMethodWorker.java:146)
	at org.testng.internal.TestMethodWorker.run(TestMethodWorker.java:128)
	at java.util.ArrayList.forEach(ArrayList.java:1259)
	at org.testng.TestRunner.privateRun(TestRunner.java:764)
	at org.testng.TestRunner.run(TestRunner.java:585)
	at org.testng.SuiteRunner.runTest(SuiteRunner.java:384)
	at org.testng.SuiteRunner.runSequentially(SuiteRunner.java:378)
	at org.testng.SuiteRunner.privateRun(SuiteRunner.java:337)
	at org.testng.SuiteRunner.run(SuiteRunner.java:286)
	at org.testng.SuiteRunnerWorker.runSuite(SuiteRunnerWorker.java:53)
	at org.testng.SuiteRunnerWorker.run(SuiteRunnerWorker.java:96)
	at org.testng.TestNG.runSuitesSequentially(TestNG.java:1218)
	at org.testng.TestNG.runSuitesLocally(TestNG.java:1140)
	at org.testng.TestNG.runSuites(TestNG.java:1069)
	at org.testng.TestNG.run(TestNG.java:1037)
	at org.testng.remote.AbstractRemoteTestNG.run(AbstractRemoteTestNG.java:115)
	at org.testng.remote.RemoteTestNG.initAndRun(RemoteTestNG.java:251)
	at org.testng.remote.RemoteTestNG.main(RemoteTestNG.java:77)
Caused by: org.testng.SkipException: Test not found
	at com.dollardays.utilities.TestUtil.checkRunMode(TestUtil.java:53)
	at com.dollardays.utilities.TestUtil.getData(TestUtil.java:70)
	at com.dollardays.utilities.TestUtil.getTestData(TestUtil.java:23)
	at sun.reflect.NativeMethodAccessorImpl.invoke0(Native Method)
	at sun.reflect.NativeMethodAccessorImpl.invoke(NativeMethodAccessorImpl.java:62)
	at sun.reflect.DelegatingMethodAccessorImpl.invoke(DelegatingMethodAccessorImpl.java:43)
	at java.lang.reflect.Method.invoke(Method.java:498)
	at org.testng.internal.MethodInvocationHelper.invokeMethod(MethodInvocationHelper.java:132)
	at org.testng.internal.MethodInvocationHelper.invokeMethod(MethodInvocationHelper.java:76)
	at org.testng.internal.MethodInvocationHelper.invokeMethodNoCheckedException(MethodInvocationHelper.java:45)
	... 25 more
</pre></div></td>
<td>0</td>
<td>com.dollardays.testcases.SubmitRequestTestcase@3f200884</td></tr>
<tr>
<td title='com.dollardays.testcases.SubmitRequestTestcase.SubmitRequest_SubmitPage()'><b>SubmitRequest_SubmitPage</b><br>Test class: com.dollardays.testcases.SubmitRequestTestcase</td>
<td><div><pre>java.lang.RuntimeException: org.testng.SkipException: Test not found
	at java.util.ArrayList.forEach(ArrayList.java:1259)
	at com.dollardays.utilities.TestUtil.checkRunMode(TestUtil.java:53)
	at com.dollardays.utilities.TestUtil.getData(TestUtil.java:70)
	at com.dollardays.utilities.TestUtil.getTestData(TestUtil.java:23)
	... 25 more
... Removed 33 stack frames</pre></div><a href='#' onClick='toggleBox("stack-trace1122130699", this, "Click to show all stack frames", "Click to hide stack frames")'>Click to show all stack frames</a>
<div class='stack-trace' id='stack-trace1122130699'><pre>java.lang.RuntimeException: org.testng.SkipException: Test not found
	at org.testng.internal.MethodInvocationHelper.invokeMethodNoCheckedException(MethodInvocationHelper.java:49)
	at org.testng.internal.MethodInvocationHelper.invokeDataProvider(MethodInvocationHelper.java:145)
	at org.testng.internal.Parameters.handleParameters(Parameters.java:797)
	at org.testng.internal.Parameters.handleParameters(Parameters.java:740)
	at org.testng.internal.ParameterHandler.handleParameters(ParameterHandler.java:59)
	at org.testng.internal.ParameterHandler.createParameters(ParameterHandler.java:38)
	at org.testng.internal.TestInvoker$MethodInvocationAgent.invoke(TestInvoker.java:789)
	at org.testng.internal.TestInvoker.invokeTestMethods(TestInvoker.java:147)
	at org.testng.internal.TestMethodWorker.invokeTestMethods(TestMethodWorker.java:146)
	at org.testng.internal.TestMethodWorker.run(TestMethodWorker.java:128)
	at java.util.ArrayList.forEach(ArrayList.java:1259)
	at org.testng.TestRunner.privateRun(TestRunner.java:764)
	at org.testng.TestRunner.run(TestRunner.java:585)
	at org.testng.SuiteRunner.runTest(SuiteRunner.java:384)
	at org.testng.SuiteRunner.runSequentially(SuiteRunner.java:378)
	at org.testng.SuiteRunner.privateRun(SuiteRunner.java:337)
	at org.testng.SuiteRunner.run(SuiteRunner.java:286)
	at org.testng.SuiteRunnerWorker.runSuite(SuiteRunnerWorker.java:53)
	at org.testng.SuiteRunnerWorker.run(SuiteRunnerWorker.java:96)
	at org.testng.TestNG.runSuitesSequentially(TestNG.java:1218)
	at org.testng.TestNG.runSuitesLocally(TestNG.java:1140)
	at org.testng.TestNG.runSuites(TestNG.java:1069)
	at org.testng.TestNG.run(TestNG.java:1037)
	at org.testng.remote.AbstractRemoteTestNG.run(AbstractRemoteTestNG.java:115)
	at org.testng.remote.RemoteTestNG.initAndRun(RemoteTestNG.java:251)
	at org.testng.remote.RemoteTestNG.main(RemoteTestNG.java:77)
Caused by: org.testng.SkipException: Test not found
	at com.dollardays.utilities.TestUtil.checkRunMode(TestUtil.java:53)
	at com.dollardays.utilities.TestUtil.getData(TestUtil.java:70)
	at com.dollardays.utilities.TestUtil.getTestData(TestUtil.java:23)
	at sun.reflect.NativeMethodAccessorImpl.invoke0(Native Method)
	at sun.reflect.NativeMethodAccessorImpl.invoke(NativeMethodAccessorImpl.java:62)
	at sun.reflect.DelegatingMethodAccessorImpl.invoke(DelegatingMethodAccessorImpl.java:43)
	at java.lang.reflect.Method.invoke(Method.java:498)
	at org.testng.internal.MethodInvocationHelper.invokeMethod(MethodInvocationHelper.java:132)
	at org.testng.internal.MethodInvocationHelper.invokeMethod(MethodInvocationHelper.java:76)
	at org.testng.internal.MethodInvocationHelper.invokeMethodNoCheckedException(MethodInvocationHelper.java:45)
	... 25 more
</pre></div></td>
<td>0</td>
<td>com.dollardays.testcases.SubmitRequestTestcase@3f200884</td></tr>
<tr>
<td title='com.dollardays.testcases.SubmitRequestTestcase.submitRequest_AllFields_Empty()'><b>submitRequest_AllFields_Empty</b><br>Test class: com.dollardays.testcases.SubmitRequestTestcase</td>
<td><div><pre>java.lang.RuntimeException: org.testng.SkipException: Test not found
	at java.util.ArrayList.forEach(ArrayList.java:1259)
	at com.dollardays.utilities.TestUtil.checkRunMode(TestUtil.java:53)
	at com.dollardays.utilities.TestUtil.getData(TestUtil.java:70)
	at com.dollardays.utilities.TestUtil.getTestData(TestUtil.java:23)
	... 25 more
... Removed 33 stack frames</pre></div><a href='#' onClick='toggleBox("stack-trace658281599", this, "Click to show all stack frames", "Click to hide stack frames")'>Click to show all stack frames</a>
<div class='stack-trace' id='stack-trace658281599'><pre>java.lang.RuntimeException: org.testng.SkipException: Test not found
	at org.testng.internal.MethodInvocationHelper.invokeMethodNoCheckedException(MethodInvocationHelper.java:49)
	at org.testng.internal.MethodInvocationHelper.invokeDataProvider(MethodInvocationHelper.java:145)
	at org.testng.internal.Parameters.handleParameters(Parameters.java:797)
	at org.testng.internal.Parameters.handleParameters(Parameters.java:740)
	at org.testng.internal.ParameterHandler.handleParameters(ParameterHandler.java:59)
	at org.testng.internal.ParameterHandler.createParameters(ParameterHandler.java:38)
	at org.testng.internal.TestInvoker$MethodInvocationAgent.invoke(TestInvoker.java:789)
	at org.testng.internal.TestInvoker.invokeTestMethods(TestInvoker.java:147)
	at org.testng.internal.TestMethodWorker.invokeTestMethods(TestMethodWorker.java:146)
	at org.testng.internal.TestMethodWorker.run(TestMethodWorker.java:128)
	at java.util.ArrayList.forEach(ArrayList.java:1259)
	at org.testng.TestRunner.privateRun(TestRunner.java:764)
	at org.testng.TestRunner.run(TestRunner.java:585)
	at org.testng.SuiteRunner.runTest(SuiteRunner.java:384)
	at org.testng.SuiteRunner.runSequentially(SuiteRunner.java:378)
	at org.testng.SuiteRunner.privateRun(SuiteRunner.java:337)
	at org.testng.SuiteRunner.run(SuiteRunner.java:286)
	at org.testng.SuiteRunnerWorker.runSuite(SuiteRunnerWorker.java:53)
	at org.testng.SuiteRunnerWorker.run(SuiteRunnerWorker.java:96)
	at org.testng.TestNG.runSuitesSequentially(TestNG.java:1218)
	at org.testng.TestNG.runSuitesLocally(TestNG.java:1140)
	at org.testng.TestNG.runSuites(TestNG.java:1069)
	at org.testng.TestNG.run(TestNG.java:1037)
	at org.testng.remote.AbstractRemoteTestNG.run(AbstractRemoteTestNG.java:115)
	at org.testng.remote.RemoteTestNG.initAndRun(RemoteTestNG.java:251)
	at org.testng.remote.RemoteTestNG.main(RemoteTestNG.java:77)
Caused by: org.testng.SkipException: Test not found
	at com.dollardays.utilities.TestUtil.checkRunMode(TestUtil.java:53)
	at com.dollardays.utilities.TestUtil.getData(TestUtil.java:70)
	at com.dollardays.utilities.TestUtil.getTestData(TestUtil.java:23)
	at sun.reflect.NativeMethodAccessorImpl.invoke0(Native Method)
	at sun.reflect.NativeMethodAccessorImpl.invoke(NativeMethodAccessorImpl.java:62)
	at sun.reflect.DelegatingMethodAccessorImpl.invoke(DelegatingMethodAccessorImpl.java:43)
	at java.lang.reflect.Method.invoke(Method.java:498)
	at org.testng.internal.MethodInvocationHelper.invokeMethod(MethodInvocationHelper.java:132)
	at org.testng.internal.MethodInvocationHelper.invokeMethod(MethodInvocationHelper.java:76)
	at org.testng.internal.MethodInvocationHelper.invokeMethodNoCheckedException(MethodInvocationHelper.java:45)
	... 25 more
</pre></div></td>
<td>0</td>
<td>com.dollardays.testcases.SubmitRequestTestcase@3f200884</td></tr>
</table><p>
</body>
</html>